[2025-05-16 14:49:42] local.ERROR: Class "Database\Seeders\Product" not found {"exception":"[object] (Error(code: 0): Class \"Database\\Seeders\\Product\" not found at /home/mrleonardobrito/projetos/truckpag-product-parser/database/seeders/DatabaseSeeder.php:22)
[stacktrace]
#0 /home/mrleonardobrito/projetos/truckpag-product-parser/vendor/laravel/framework/src/Illuminate/Container/BoundMethod.php(36): Database\\Seeders\\DatabaseSeeder->run()
#1 /home/mrleonardobrito/projetos/truckpag-product-parser/vendor/laravel/framework/src/Illuminate/Container/Util.php(43): Illuminate\\Container\\BoundMethod::{closure:Illuminate\\Container\\BoundMethod::call():35}()
#2 /home/mrleonardobrito/projetos/truckpag-product-parser/vendor/laravel/framework/src/Illuminate/Container/BoundMethod.php(96): Illuminate\\Container\\Util::unwrapIfClosure(Object(Closure))
#3 /home/mrleonardobrito/projetos/truckpag-product-parser/vendor/laravel/framework/src/Illuminate/Container/BoundMethod.php(35): Illuminate\\Container\\BoundMethod::callBoundMethod(Object(Illuminate\\Foundation\\Application), Array, Object(Closure))
#4 /home/mrleonardobrito/projetos/truckpag-product-parser/vendor/laravel/framework/src/Illuminate/Container/Container.php(754): Illuminate\\Container\\BoundMethod::call(Object(Illuminate\\Foundation\\Application), Array, Array, NULL)
#5 /home/mrleonardobrito/projetos/truckpag-product-parser/vendor/laravel/framework/src/Illuminate/Database/Seeder.php(188): Illuminate\\Container\\Container->call(Array, Array)
#6 /home/mrleonardobrito/projetos/truckpag-product-parser/vendor/laravel/framework/src/Illuminate/Database/Seeder.php(197): Illuminate\\Database\\Seeder->{closure:Illuminate\\Database\\Seeder::__invoke():187}()
#7 /home/mrleonardobrito/projetos/truckpag-product-parser/vendor/laravel/framework/src/Illuminate/Database/Console/Seeds/SeedCommand.php(71): Illuminate\\Database\\Seeder->__invoke()
#8 /home/mrleonardobrito/projetos/truckpag-product-parser/vendor/laravel/framework/src/Illuminate/Database/Eloquent/Concerns/GuardsAttributes.php(155): Illuminate\\Database\\Console\\Seeds\\SeedCommand->{closure:Illuminate\\Database\\Console\\Seeds\\SeedCommand::handle():70}()
#9 /home/mrleonardobrito/projetos/truckpag-product-parser/vendor/laravel/framework/src/Illuminate/Database/Console/Seeds/SeedCommand.php(70): Illuminate\\Database\\Eloquent\\Model::unguarded(Object(Closure))
#10 /home/mrleonardobrito/projetos/truckpag-product-parser/vendor/laravel/framework/src/Illuminate/Container/BoundMethod.php(36): Illuminate\\Database\\Console\\Seeds\\SeedCommand->handle()
#11 /home/mrleonardobrito/projetos/truckpag-product-parser/vendor/laravel/framework/src/Illuminate/Container/Util.php(43): Illuminate\\Container\\BoundMethod::{closure:Illuminate\\Container\\BoundMethod::call():35}()
#12 /home/mrleonardobrito/projetos/truckpag-product-parser/vendor/laravel/framework/src/Illuminate/Container/BoundMethod.php(96): Illuminate\\Container\\Util::unwrapIfClosure(Object(Closure))
#13 /home/mrleonardobrito/projetos/truckpag-product-parser/vendor/laravel/framework/src/Illuminate/Container/BoundMethod.php(35): Illuminate\\Container\\BoundMethod::callBoundMethod(Object(Illuminate\\Foundation\\Application), Array, Object(Closure))
#14 /home/mrleonardobrito/projetos/truckpag-product-parser/vendor/laravel/framework/src/Illuminate/Container/Container.php(754): Illuminate\\Container\\BoundMethod::call(Object(Illuminate\\Foundation\\Application), Array, Array, NULL)
#15 /home/mrleonardobrito/projetos/truckpag-product-parser/vendor/laravel/framework/src/Illuminate/Console/Command.php(211): Illuminate\\Container\\Container->call(Array)
#16 /home/mrleonardobrito/projetos/truckpag-product-parser/vendor/symfony/console/Command/Command.php(279): Illuminate\\Console\\Command->execute(Object(Symfony\\Component\\Console\\Input\\ArgvInput), Object(Illuminate\\Console\\OutputStyle))
#17 /home/mrleonardobrito/projetos/truckpag-product-parser/vendor/laravel/framework/src/Illuminate/Console/Command.php(180): Symfony\\Component\\Console\\Command\\Command->run(Object(Symfony\\Component\\Console\\Input\\ArgvInput), Object(Illuminate\\Console\\OutputStyle))
#18 /home/mrleonardobrito/projetos/truckpag-product-parser/vendor/symfony/console/Application.php(1094): Illuminate\\Console\\Command->run(Object(Symfony\\Component\\Console\\Input\\ArgvInput), Object(Symfony\\Component\\Console\\Output\\ConsoleOutput))
#19 /home/mrleonardobrito/projetos/truckpag-product-parser/vendor/symfony/console/Application.php(342): Symfony\\Component\\Console\\Application->doRunCommand(Object(Illuminate\\Database\\Console\\Seeds\\SeedCommand), Object(Symfony\\Component\\Console\\Input\\ArgvInput), Object(Symfony\\Component\\Console\\Output\\ConsoleOutput))
#20 /home/mrleonardobrito/projetos/truckpag-product-parser/vendor/symfony/console/Application.php(193): Symfony\\Component\\Console\\Application->doRun(Object(Symfony\\Component\\Console\\Input\\ArgvInput), Object(Symfony\\Component\\Console\\Output\\ConsoleOutput))
#21 /home/mrleonardobrito/projetos/truckpag-product-parser/vendor/laravel/framework/src/Illuminate/Foundation/Console/Kernel.php(197): Symfony\\Component\\Console\\Application->run(Object(Symfony\\Component\\Console\\Input\\ArgvInput), Object(Symfony\\Component\\Console\\Output\\ConsoleOutput))
#22 /home/mrleonardobrito/projetos/truckpag-product-parser/vendor/laravel/framework/src/Illuminate/Foundation/Application.php(1234): Illuminate\\Foundation\\Console\\Kernel->handle(Object(Symfony\\Component\\Console\\Input\\ArgvInput), Object(Symfony\\Component\\Console\\Output\\ConsoleOutput))
#23 /home/mrleonardobrito/projetos/truckpag-product-parser/artisan(16): Illuminate\\Foundation\\Application->handleCommand(Object(Symfony\\Component\\Console\\Input\\ArgvInput))
#24 {main}
"} 
[2025-05-16 14:50:10] local.ERROR: SQLSTATE[23000]: Integrity constraint violation: 19 UNIQUE constraint failed: users.email (Connection: sqlite, SQL: insert into "users" ("name", "email", "email_verified_at", "password", "remember_token", "updated_at", "created_at") values (Test User, test@example.com, 2025-05-16 14:50:10, $2y$12$7Qkn5t87pEgdvVU9LE/ct.67GmVENcy91AIFsiOxhFPmvUfxDFEGu, bllrG9JSG5, 2025-05-16 14:50:10, 2025-05-16 14:50:10)) {"exception":"[object] (Illuminate\\Database\\UniqueConstraintViolationException(code: 23000): SQLSTATE[23000]: Integrity constraint violation: 19 UNIQUE constraint failed: users.email (Connection: sqlite, SQL: insert into \"users\" (\"name\", \"email\", \"email_verified_at\", \"password\", \"remember_token\", \"updated_at\", \"created_at\") values (Test User, test@example.com, 2025-05-16 14:50:10, $2y$12$7Qkn5t87pEgdvVU9LE/ct.67GmVENcy91AIFsiOxhFPmvUfxDFEGu, bllrG9JSG5, 2025-05-16 14:50:10, 2025-05-16 14:50:10)) at /home/mrleonardobrito/projetos/truckpag-product-parser/vendor/laravel/framework/src/Illuminate/Database/Connection.php:817)
[stacktrace]
#0 /home/mrleonardobrito/projetos/truckpag-product-parser/vendor/laravel/framework/src/Illuminate/Database/Connection.php(776): Illuminate\\Database\\Connection->runQueryCallback('insert into \"us...', Array, Object(Closure))
#1 /home/mrleonardobrito/projetos/truckpag-product-parser/vendor/laravel/framework/src/Illuminate/Database/Connection.php(557): Illuminate\\Database\\Connection->run('insert into \"us...', Array, Object(Closure))
#2 /home/mrleonardobrito/projetos/truckpag-product-parser/vendor/laravel/framework/src/Illuminate/Database/Connection.php(521): Illuminate\\Database\\Connection->statement('insert into \"us...', Array)
#3 /home/mrleonardobrito/projetos/truckpag-product-parser/vendor/laravel/framework/src/Illuminate/Database/Query/Processors/Processor.php(32): Illuminate\\Database\\Connection->insert('insert into \"us...', Array)
#4 /home/mrleonardobrito/projetos/truckpag-product-parser/vendor/laravel/framework/src/Illuminate/Database/Query/Builder.php(3785): Illuminate\\Database\\Query\\Processors\\Processor->processInsertGetId(Object(Illuminate\\Database\\Query\\Builder), 'insert into \"us...', Array, 'id')
#5 /home/mrleonardobrito/projetos/truckpag-product-parser/vendor/laravel/framework/src/Illuminate/Database/Eloquent/Builder.php(2204): Illuminate\\Database\\Query\\Builder->insertGetId(Array, 'id')
#6 /home/mrleonardobrito/projetos/truckpag-product-parser/vendor/laravel/framework/src/Illuminate/Database/Eloquent/Model.php(1408): Illuminate\\Database\\Eloquent\\Builder->__call('insertGetId', Array)
#7 /home/mrleonardobrito/projetos/truckpag-product-parser/vendor/laravel/framework/src/Illuminate/Database/Eloquent/Model.php(1373): Illuminate\\Database\\Eloquent\\Model->insertAndSetId(Object(Illuminate\\Database\\Eloquent\\Builder), Array)
#8 /home/mrleonardobrito/projetos/truckpag-product-parser/vendor/laravel/framework/src/Illuminate/Database/Eloquent/Model.php(1212): Illuminate\\Database\\Eloquent\\Model->performInsert(Object(Illuminate\\Database\\Eloquent\\Builder))
#9 /home/mrleonardobrito/projetos/truckpag-product-parser/vendor/laravel/framework/src/Illuminate/Database/Eloquent/Factories/Factory.php(351): Illuminate\\Database\\Eloquent\\Model->save()
#10 /home/mrleonardobrito/projetos/truckpag-product-parser/vendor/laravel/framework/src/Illuminate/Collections/Traits/EnumeratesValues.php(271): Illuminate\\Database\\Eloquent\\Factories\\Factory->{closure:Illuminate\\Database\\Eloquent\\Factories\\Factory::store():346}(Object(App\\Models\\User), 0)
#11 /home/mrleonardobrito/projetos/truckpag-product-parser/vendor/laravel/framework/src/Illuminate/Database/Eloquent/Factories/Factory.php(346): Illuminate\\Support\\Collection->each(Object(Closure))
#12 /home/mrleonardobrito/projetos/truckpag-product-parser/vendor/laravel/framework/src/Illuminate/Database/Eloquent/Factories/Factory.php(302): Illuminate\\Database\\Eloquent\\Factories\\Factory->store(Object(Illuminate\\Support\\Collection))
#13 /home/mrleonardobrito/projetos/truckpag-product-parser/vendor/laravel/framework/src/Illuminate/Database/Eloquent/Factories/Factory.php(296): Illuminate\\Database\\Eloquent\\Factories\\Factory->create(Array, NULL)
#14 /home/mrleonardobrito/projetos/truckpag-product-parser/database/seeders/DatabaseSeeder.php(17): Illuminate\\Database\\Eloquent\\Factories\\Factory->create(Array)
#15 /home/mrleonardobrito/projetos/truckpag-product-parser/vendor/laravel/framework/src/Illuminate/Container/BoundMethod.php(36): Database\\Seeders\\DatabaseSeeder->run()
#16 /home/mrleonardobrito/projetos/truckpag-product-parser/vendor/laravel/framework/src/Illuminate/Container/Util.php(43): Illuminate\\Container\\BoundMethod::{closure:Illuminate\\Container\\BoundMethod::call():35}()
#17 /home/mrleonardobrito/projetos/truckpag-product-parser/vendor/laravel/framework/src/Illuminate/Container/BoundMethod.php(96): Illuminate\\Container\\Util::unwrapIfClosure(Object(Closure))
#18 /home/mrleonardobrito/projetos/truckpag-product-parser/vendor/laravel/framework/src/Illuminate/Container/BoundMethod.php(35): Illuminate\\Container\\BoundMethod::callBoundMethod(Object(Illuminate\\Foundation\\Application), Array, Object(Closure))
#19 /home/mrleonardobrito/projetos/truckpag-product-parser/vendor/laravel/framework/src/Illuminate/Container/Container.php(754): Illuminate\\Container\\BoundMethod::call(Object(Illuminate\\Foundation\\Application), Array, Array, NULL)
#20 /home/mrleonardobrito/projetos/truckpag-product-parser/vendor/laravel/framework/src/Illuminate/Database/Seeder.php(188): Illuminate\\Container\\Container->call(Array, Array)
#21 /home/mrleonardobrito/projetos/truckpag-product-parser/vendor/laravel/framework/src/Illuminate/Database/Seeder.php(197): Illuminate\\Database\\Seeder->{closure:Illuminate\\Database\\Seeder::__invoke():187}()
#22 /home/mrleonardobrito/projetos/truckpag-product-parser/vendor/laravel/framework/src/Illuminate/Database/Console/Seeds/SeedCommand.php(71): Illuminate\\Database\\Seeder->__invoke()
#23 /home/mrleonardobrito/projetos/truckpag-product-parser/vendor/laravel/framework/src/Illuminate/Database/Eloquent/Concerns/GuardsAttributes.php(155): Illuminate\\Database\\Console\\Seeds\\SeedCommand->{closure:Illuminate\\Database\\Console\\Seeds\\SeedCommand::handle():70}()
#24 /home/mrleonardobrito/projetos/truckpag-product-parser/vendor/laravel/framework/src/Illuminate/Database/Console/Seeds/SeedCommand.php(70): Illuminate\\Database\\Eloquent\\Model::unguarded(Object(Closure))
#25 /home/mrleonardobrito/projetos/truckpag-product-parser/vendor/laravel/framework/src/Illuminate/Container/BoundMethod.php(36): Illuminate\\Database\\Console\\Seeds\\SeedCommand->handle()
#26 /home/mrleonardobrito/projetos/truckpag-product-parser/vendor/laravel/framework/src/Illuminate/Container/Util.php(43): Illuminate\\Container\\BoundMethod::{closure:Illuminate\\Container\\BoundMethod::call():35}()
#27 /home/mrleonardobrito/projetos/truckpag-product-parser/vendor/laravel/framework/src/Illuminate/Container/BoundMethod.php(96): Illuminate\\Container\\Util::unwrapIfClosure(Object(Closure))
#28 /home/mrleonardobrito/projetos/truckpag-product-parser/vendor/laravel/framework/src/Illuminate/Container/BoundMethod.php(35): Illuminate\\Container\\BoundMethod::callBoundMethod(Object(Illuminate\\Foundation\\Application), Array, Object(Closure))
#29 /home/mrleonardobrito/projetos/truckpag-product-parser/vendor/laravel/framework/src/Illuminate/Container/Container.php(754): Illuminate\\Container\\BoundMethod::call(Object(Illuminate\\Foundation\\Application), Array, Array, NULL)
#30 /home/mrleonardobrito/projetos/truckpag-product-parser/vendor/laravel/framework/src/Illuminate/Console/Command.php(211): Illuminate\\Container\\Container->call(Array)
#31 /home/mrleonardobrito/projetos/truckpag-product-parser/vendor/symfony/console/Command/Command.php(279): Illuminate\\Console\\Command->execute(Object(Symfony\\Component\\Console\\Input\\ArgvInput), Object(Illuminate\\Console\\OutputStyle))
#32 /home/mrleonardobrito/projetos/truckpag-product-parser/vendor/laravel/framework/src/Illuminate/Console/Command.php(180): Symfony\\Component\\Console\\Command\\Command->run(Object(Symfony\\Component\\Console\\Input\\ArgvInput), Object(Illuminate\\Console\\OutputStyle))
#33 /home/mrleonardobrito/projetos/truckpag-product-parser/vendor/symfony/console/Application.php(1094): Illuminate\\Console\\Command->run(Object(Symfony\\Component\\Console\\Input\\ArgvInput), Object(Symfony\\Component\\Console\\Output\\ConsoleOutput))
#34 /home/mrleonardobrito/projetos/truckpag-product-parser/vendor/symfony/console/Application.php(342): Symfony\\Component\\Console\\Application->doRunCommand(Object(Illuminate\\Database\\Console\\Seeds\\SeedCommand), Object(Symfony\\Component\\Console\\Input\\ArgvInput), Object(Symfony\\Component\\Console\\Output\\ConsoleOutput))
#35 /home/mrleonardobrito/projetos/truckpag-product-parser/vendor/symfony/console/Application.php(193): Symfony\\Component\\Console\\Application->doRun(Object(Symfony\\Component\\Console\\Input\\ArgvInput), Object(Symfony\\Component\\Console\\Output\\ConsoleOutput))
#36 /home/mrleonardobrito/projetos/truckpag-product-parser/vendor/laravel/framework/src/Illuminate/Foundation/Console/Kernel.php(197): Symfony\\Component\\Console\\Application->run(Object(Symfony\\Component\\Console\\Input\\ArgvInput), Object(Symfony\\Component\\Console\\Output\\ConsoleOutput))
#37 /home/mrleonardobrito/projetos/truckpag-product-parser/vendor/laravel/framework/src/Illuminate/Foundation/Application.php(1234): Illuminate\\Foundation\\Console\\Kernel->handle(Object(Symfony\\Component\\Console\\Input\\ArgvInput), Object(Symfony\\Component\\Console\\Output\\ConsoleOutput))
#38 /home/mrleonardobrito/projetos/truckpag-product-parser/artisan(16): Illuminate\\Foundation\\Application->handleCommand(Object(Symfony\\Component\\Console\\Input\\ArgvInput))
#39 {main}

[previous exception] [object] (PDOException(code: 23000): SQLSTATE[23000]: Integrity constraint violation: 19 UNIQUE constraint failed: users.email at /home/mrleonardobrito/projetos/truckpag-product-parser/vendor/laravel/framework/src/Illuminate/Database/Connection.php:568)
[stacktrace]
#0 /home/mrleonardobrito/projetos/truckpag-product-parser/vendor/laravel/framework/src/Illuminate/Database/Connection.php(568): PDOStatement->execute()
#1 /home/mrleonardobrito/projetos/truckpag-product-parser/vendor/laravel/framework/src/Illuminate/Database/Connection.php(809): Illuminate\\Database\\Connection->{closure:Illuminate\\Database\\Connection::statement():557}('insert into \"us...', Array)
#2 /home/mrleonardobrito/projetos/truckpag-product-parser/vendor/laravel/framework/src/Illuminate/Database/Connection.php(776): Illuminate\\Database\\Connection->runQueryCallback('insert into \"us...', Array, Object(Closure))
#3 /home/mrleonardobrito/projetos/truckpag-product-parser/vendor/laravel/framework/src/Illuminate/Database/Connection.php(557): Illuminate\\Database\\Connection->run('insert into \"us...', Array, Object(Closure))
#4 /home/mrleonardobrito/projetos/truckpag-product-parser/vendor/laravel/framework/src/Illuminate/Database/Connection.php(521): Illuminate\\Database\\Connection->statement('insert into \"us...', Array)
#5 /home/mrleonardobrito/projetos/truckpag-product-parser/vendor/laravel/framework/src/Illuminate/Database/Query/Processors/Processor.php(32): Illuminate\\Database\\Connection->insert('insert into \"us...', Array)
#6 /home/mrleonardobrito/projetos/truckpag-product-parser/vendor/laravel/framework/src/Illuminate/Database/Query/Builder.php(3785): Illuminate\\Database\\Query\\Processors\\Processor->processInsertGetId(Object(Illuminate\\Database\\Query\\Builder), 'insert into \"us...', Array, 'id')
#7 /home/mrleonardobrito/projetos/truckpag-product-parser/vendor/laravel/framework/src/Illuminate/Database/Eloquent/Builder.php(2204): Illuminate\\Database\\Query\\Builder->insertGetId(Array, 'id')
#8 /home/mrleonardobrito/projetos/truckpag-product-parser/vendor/laravel/framework/src/Illuminate/Database/Eloquent/Model.php(1408): Illuminate\\Database\\Eloquent\\Builder->__call('insertGetId', Array)
#9 /home/mrleonardobrito/projetos/truckpag-product-parser/vendor/laravel/framework/src/Illuminate/Database/Eloquent/Model.php(1373): Illuminate\\Database\\Eloquent\\Model->insertAndSetId(Object(Illuminate\\Database\\Eloquent\\Builder), Array)
#10 /home/mrleonardobrito/projetos/truckpag-product-parser/vendor/laravel/framework/src/Illuminate/Database/Eloquent/Model.php(1212): Illuminate\\Database\\Eloquent\\Model->performInsert(Object(Illuminate\\Database\\Eloquent\\Builder))
#11 /home/mrleonardobrito/projetos/truckpag-product-parser/vendor/laravel/framework/src/Illuminate/Database/Eloquent/Factories/Factory.php(351): Illuminate\\Database\\Eloquent\\Model->save()
#12 /home/mrleonardobrito/projetos/truckpag-product-parser/vendor/laravel/framework/src/Illuminate/Collections/Traits/EnumeratesValues.php(271): Illuminate\\Database\\Eloquent\\Factories\\Factory->{closure:Illuminate\\Database\\Eloquent\\Factories\\Factory::store():346}(Object(App\\Models\\User), 0)
#13 /home/mrleonardobrito/projetos/truckpag-product-parser/vendor/laravel/framework/src/Illuminate/Database/Eloquent/Factories/Factory.php(346): Illuminate\\Support\\Collection->each(Object(Closure))
#14 /home/mrleonardobrito/projetos/truckpag-product-parser/vendor/laravel/framework/src/Illuminate/Database/Eloquent/Factories/Factory.php(302): Illuminate\\Database\\Eloquent\\Factories\\Factory->store(Object(Illuminate\\Support\\Collection))
#15 /home/mrleonardobrito/projetos/truckpag-product-parser/vendor/laravel/framework/src/Illuminate/Database/Eloquent/Factories/Factory.php(296): Illuminate\\Database\\Eloquent\\Factories\\Factory->create(Array, NULL)
#16 /home/mrleonardobrito/projetos/truckpag-product-parser/database/seeders/DatabaseSeeder.php(17): Illuminate\\Database\\Eloquent\\Factories\\Factory->create(Array)
#17 /home/mrleonardobrito/projetos/truckpag-product-parser/vendor/laravel/framework/src/Illuminate/Container/BoundMethod.php(36): Database\\Seeders\\DatabaseSeeder->run()
#18 /home/mrleonardobrito/projetos/truckpag-product-parser/vendor/laravel/framework/src/Illuminate/Container/Util.php(43): Illuminate\\Container\\BoundMethod::{closure:Illuminate\\Container\\BoundMethod::call():35}()
#19 /home/mrleonardobrito/projetos/truckpag-product-parser/vendor/laravel/framework/src/Illuminate/Container/BoundMethod.php(96): Illuminate\\Container\\Util::unwrapIfClosure(Object(Closure))
#20 /home/mrleonardobrito/projetos/truckpag-product-parser/vendor/laravel/framework/src/Illuminate/Container/BoundMethod.php(35): Illuminate\\Container\\BoundMethod::callBoundMethod(Object(Illuminate\\Foundation\\Application), Array, Object(Closure))
#21 /home/mrleonardobrito/projetos/truckpag-product-parser/vendor/laravel/framework/src/Illuminate/Container/Container.php(754): Illuminate\\Container\\BoundMethod::call(Object(Illuminate\\Foundation\\Application), Array, Array, NULL)
#22 /home/mrleonardobrito/projetos/truckpag-product-parser/vendor/laravel/framework/src/Illuminate/Database/Seeder.php(188): Illuminate\\Container\\Container->call(Array, Array)
#23 /home/mrleonardobrito/projetos/truckpag-product-parser/vendor/laravel/framework/src/Illuminate/Database/Seeder.php(197): Illuminate\\Database\\Seeder->{closure:Illuminate\\Database\\Seeder::__invoke():187}()
#24 /home/mrleonardobrito/projetos/truckpag-product-parser/vendor/laravel/framework/src/Illuminate/Database/Console/Seeds/SeedCommand.php(71): Illuminate\\Database\\Seeder->__invoke()
#25 /home/mrleonardobrito/projetos/truckpag-product-parser/vendor/laravel/framework/src/Illuminate/Database/Eloquent/Concerns/GuardsAttributes.php(155): Illuminate\\Database\\Console\\Seeds\\SeedCommand->{closure:Illuminate\\Database\\Console\\Seeds\\SeedCommand::handle():70}()
#26 /home/mrleonardobrito/projetos/truckpag-product-parser/vendor/laravel/framework/src/Illuminate/Database/Console/Seeds/SeedCommand.php(70): Illuminate\\Database\\Eloquent\\Model::unguarded(Object(Closure))
#27 /home/mrleonardobrito/projetos/truckpag-product-parser/vendor/laravel/framework/src/Illuminate/Container/BoundMethod.php(36): Illuminate\\Database\\Console\\Seeds\\SeedCommand->handle()
#28 /home/mrleonardobrito/projetos/truckpag-product-parser/vendor/laravel/framework/src/Illuminate/Container/Util.php(43): Illuminate\\Container\\BoundMethod::{closure:Illuminate\\Container\\BoundMethod::call():35}()
#29 /home/mrleonardobrito/projetos/truckpag-product-parser/vendor/laravel/framework/src/Illuminate/Container/BoundMethod.php(96): Illuminate\\Container\\Util::unwrapIfClosure(Object(Closure))
#30 /home/mrleonardobrito/projetos/truckpag-product-parser/vendor/laravel/framework/src/Illuminate/Container/BoundMethod.php(35): Illuminate\\Container\\BoundMethod::callBoundMethod(Object(Illuminate\\Foundation\\Application), Array, Object(Closure))
#31 /home/mrleonardobrito/projetos/truckpag-product-parser/vendor/laravel/framework/src/Illuminate/Container/Container.php(754): Illuminate\\Container\\BoundMethod::call(Object(Illuminate\\Foundation\\Application), Array, Array, NULL)
#32 /home/mrleonardobrito/projetos/truckpag-product-parser/vendor/laravel/framework/src/Illuminate/Console/Command.php(211): Illuminate\\Container\\Container->call(Array)
#33 /home/mrleonardobrito/projetos/truckpag-product-parser/vendor/symfony/console/Command/Command.php(279): Illuminate\\Console\\Command->execute(Object(Symfony\\Component\\Console\\Input\\ArgvInput), Object(Illuminate\\Console\\OutputStyle))
#34 /home/mrleonardobrito/projetos/truckpag-product-parser/vendor/laravel/framework/src/Illuminate/Console/Command.php(180): Symfony\\Component\\Console\\Command\\Command->run(Object(Symfony\\Component\\Console\\Input\\ArgvInput), Object(Illuminate\\Console\\OutputStyle))
#35 /home/mrleonardobrito/projetos/truckpag-product-parser/vendor/symfony/console/Application.php(1094): Illuminate\\Console\\Command->run(Object(Symfony\\Component\\Console\\Input\\ArgvInput), Object(Symfony\\Component\\Console\\Output\\ConsoleOutput))
#36 /home/mrleonardobrito/projetos/truckpag-product-parser/vendor/symfony/console/Application.php(342): Symfony\\Component\\Console\\Application->doRunCommand(Object(Illuminate\\Database\\Console\\Seeds\\SeedCommand), Object(Symfony\\Component\\Console\\Input\\ArgvInput), Object(Symfony\\Component\\Console\\Output\\ConsoleOutput))
#37 /home/mrleonardobrito/projetos/truckpag-product-parser/vendor/symfony/console/Application.php(193): Symfony\\Component\\Console\\Application->doRun(Object(Symfony\\Component\\Console\\Input\\ArgvInput), Object(Symfony\\Component\\Console\\Output\\ConsoleOutput))
#38 /home/mrleonardobrito/projetos/truckpag-product-parser/vendor/laravel/framework/src/Illuminate/Foundation/Console/Kernel.php(197): Symfony\\Component\\Console\\Application->run(Object(Symfony\\Component\\Console\\Input\\ArgvInput), Object(Symfony\\Component\\Console\\Output\\ConsoleOutput))
#39 /home/mrleonardobrito/projetos/truckpag-product-parser/vendor/laravel/framework/src/Illuminate/Foundation/Application.php(1234): Illuminate\\Foundation\\Console\\Kernel->handle(Object(Symfony\\Component\\Console\\Input\\ArgvInput), Object(Symfony\\Component\\Console\\Output\\ConsoleOutput))
#40 /home/mrleonardobrito/projetos/truckpag-product-parser/artisan(16): Illuminate\\Foundation\\Application->handleCommand(Object(Symfony\\Component\\Console\\Input\\ArgvInput))
#41 {main}
"} 
[2025-05-16 14:51:00] local.ERROR: Class "Mongodb\Database\Seeder" not found {"exception":"[object] (Error(code: 0): Class \"Mongodb\\Database\\Seeder\" not found at /home/mrleonardobrito/projetos/truckpag-product-parser/database/seeders/DatabaseSeeder.php:8)
[stacktrace]
#0 /home/mrleonardobrito/projetos/truckpag-product-parser/vendor/composer/ClassLoader.php(576): include()
#1 /home/mrleonardobrito/projetos/truckpag-product-parser/vendor/composer/ClassLoader.php(427): {closure:Composer\\Autoload\\ClassLoader::initializeIncludeClosure():575}('/home/mrleonard...')
#2 [internal function]: Composer\\Autoload\\ClassLoader->loadClass('Database\\\\Seeder...')
#3 /home/mrleonardobrito/projetos/truckpag-product-parser/vendor/laravel/framework/src/Illuminate/Database/Console/Seeds/SeedCommand.php(95): class_exists('Database\\\\Seeder...')
#4 /home/mrleonardobrito/projetos/truckpag-product-parser/vendor/laravel/framework/src/Illuminate/Database/Console/Seeds/SeedCommand.php(71): Illuminate\\Database\\Console\\Seeds\\SeedCommand->getSeeder()
#5 /home/mrleonardobrito/projetos/truckpag-product-parser/vendor/laravel/framework/src/Illuminate/Database/Eloquent/Concerns/GuardsAttributes.php(155): Illuminate\\Database\\Console\\Seeds\\SeedCommand->{closure:Illuminate\\Database\\Console\\Seeds\\SeedCommand::handle():70}()
#6 /home/mrleonardobrito/projetos/truckpag-product-parser/vendor/laravel/framework/src/Illuminate/Database/Console/Seeds/SeedCommand.php(70): Illuminate\\Database\\Eloquent\\Model::unguarded(Object(Closure))
#7 /home/mrleonardobrito/projetos/truckpag-product-parser/vendor/laravel/framework/src/Illuminate/Container/BoundMethod.php(36): Illuminate\\Database\\Console\\Seeds\\SeedCommand->handle()
#8 /home/mrleonardobrito/projetos/truckpag-product-parser/vendor/laravel/framework/src/Illuminate/Container/Util.php(43): Illuminate\\Container\\BoundMethod::{closure:Illuminate\\Container\\BoundMethod::call():35}()
#9 /home/mrleonardobrito/projetos/truckpag-product-parser/vendor/laravel/framework/src/Illuminate/Container/BoundMethod.php(96): Illuminate\\Container\\Util::unwrapIfClosure(Object(Closure))
#10 /home/mrleonardobrito/projetos/truckpag-product-parser/vendor/laravel/framework/src/Illuminate/Container/BoundMethod.php(35): Illuminate\\Container\\BoundMethod::callBoundMethod(Object(Illuminate\\Foundation\\Application), Array, Object(Closure))
#11 /home/mrleonardobrito/projetos/truckpag-product-parser/vendor/laravel/framework/src/Illuminate/Container/Container.php(754): Illuminate\\Container\\BoundMethod::call(Object(Illuminate\\Foundation\\Application), Array, Array, NULL)
#12 /home/mrleonardobrito/projetos/truckpag-product-parser/vendor/laravel/framework/src/Illuminate/Console/Command.php(211): Illuminate\\Container\\Container->call(Array)
#13 /home/mrleonardobrito/projetos/truckpag-product-parser/vendor/symfony/console/Command/Command.php(279): Illuminate\\Console\\Command->execute(Object(Symfony\\Component\\Console\\Input\\ArgvInput), Object(Illuminate\\Console\\OutputStyle))
#14 /home/mrleonardobrito/projetos/truckpag-product-parser/vendor/laravel/framework/src/Illuminate/Console/Command.php(180): Symfony\\Component\\Console\\Command\\Command->run(Object(Symfony\\Component\\Console\\Input\\ArgvInput), Object(Illuminate\\Console\\OutputStyle))
#15 /home/mrleonardobrito/projetos/truckpag-product-parser/vendor/symfony/console/Application.php(1094): Illuminate\\Console\\Command->run(Object(Symfony\\Component\\Console\\Input\\ArgvInput), Object(Symfony\\Component\\Console\\Output\\ConsoleOutput))
#16 /home/mrleonardobrito/projetos/truckpag-product-parser/vendor/symfony/console/Application.php(342): Symfony\\Component\\Console\\Application->doRunCommand(Object(Illuminate\\Database\\Console\\Seeds\\SeedCommand), Object(Symfony\\Component\\Console\\Input\\ArgvInput), Object(Symfony\\Component\\Console\\Output\\ConsoleOutput))
#17 /home/mrleonardobrito/projetos/truckpag-product-parser/vendor/symfony/console/Application.php(193): Symfony\\Component\\Console\\Application->doRun(Object(Symfony\\Component\\Console\\Input\\ArgvInput), Object(Symfony\\Component\\Console\\Output\\ConsoleOutput))
#18 /home/mrleonardobrito/projetos/truckpag-product-parser/vendor/laravel/framework/src/Illuminate/Foundation/Console/Kernel.php(197): Symfony\\Component\\Console\\Application->run(Object(Symfony\\Component\\Console\\Input\\ArgvInput), Object(Symfony\\Component\\Console\\Output\\ConsoleOutput))
#19 /home/mrleonardobrito/projetos/truckpag-product-parser/vendor/laravel/framework/src/Illuminate/Foundation/Application.php(1234): Illuminate\\Foundation\\Console\\Kernel->handle(Object(Symfony\\Component\\Console\\Input\\ArgvInput), Object(Symfony\\Component\\Console\\Output\\ConsoleOutput))
#20 /home/mrleonardobrito/projetos/truckpag-product-parser/artisan(16): Illuminate\\Foundation\\Application->handleCommand(Object(Symfony\\Component\\Console\\Input\\ArgvInput))
#21 {main}
"} 
